GET /DigitalCrafts

GET /DigitalCrafts

GET /AllPages

GET /HomePage

GET /login

GET /login

GET /HomePage

GET /login

GET /login

POST /login-submit

GET /login

POST /login-submit

GET /login

POST /login-submit

GET /login

GET /login

POST /login-submit

GET /login

POST /login-submit

GET /

GET /HomePage

GET /HomePage

GET /AllPages

GET /DigitalCrafts

GET /DigitalCrafts/edit

GET /DigitalCrafts/edit

GET /DigitalCrafts/edit

GET /login

GET /

GET /HomePage

GET /HomePage/edit

GET /login

POST /login-submit

GET /HomePage/edit

POST /HomePage/save

GET /HomePage

